<?xml version="1.0" encoding="UTF-8"?>
<testng-results ignored="0" total="2" passed="2" failed="0" skipped="0">
  <reporter-output>
  </reporter-output>
  <suite started-at="2021-04-09T02:31:58Z" name="Default suite" finished-at="2021-04-09T02:32:04Z" duration-ms="6368">
    <groups>
    </groups>
    <test started-at="2021-04-09T02:31:58Z" name="Default test" finished-at="2021-04-09T02:32:04Z" duration-ms="6368">
      <class name="APITesing.Test01_GET">
        <test-method signature="test_01()[pri:0, instance:APITesing.Test01_GET@1e178745]" started-at="2021-04-09T02:31:58Z" name="test_01" finished-at="2021-04-09T02:32:03Z" duration-ms="5104" status="PASS">
          <reporter-output>
          </reporter-output>
        </test-method> <!-- test_01 -->
        <test-method signature="test_02()[pri:0, instance:APITesing.Test01_GET@1e178745]" started-at="2021-04-09T02:32:03Z" name="test_02" finished-at="2021-04-09T02:32:04Z" duration-ms="1217" status="PASS">
          <reporter-output>
          </reporter-output>
        </test-method> <!-- test_02 -->
      </class> <!-- APITesing.Test01_GET -->
    </test> <!-- Default test -->
  </suite> <!-- Default suite -->
</testng-results>
