<?xml version="1.0" encoding="UTF-8"?>
<testng-results ignored="0" total="1" passed="1" failed="0" skipped="0">
  <reporter-output>
  </reporter-output>
  <suite started-at="2021-04-12T03:10:29Z" name="Default suite" finished-at="2021-04-12T03:10:32Z" duration-ms="3184">
    <groups>
    </groups>
    <test started-at="2021-04-12T03:10:29Z" name="Default test" finished-at="2021-04-12T03:10:32Z" duration-ms="3184">
      <class name="APITesing.Tests_POST">
        <test-method signature="test_4_dalete()[pri:0, instance:APITesing.Tests_POST@5c671d7f]" started-at="2021-04-12T03:10:29Z" name="test_4_dalete" finished-at="2021-04-12T03:10:32Z" duration-ms="3138" status="PASS">
          <reporter-output>
          </reporter-output>
        </test-method> <!-- test_4_dalete -->
      </class> <!-- APITesing.Tests_POST -->
    </test> <!-- Default test -->
  </suite> <!-- Default suite -->
</testng-results>
